<?xml version="1.0" encoding="UTF-8"?>
<testng-results ignored="0" total="1" passed="1" failed="0" skipped="0">
  <reporter-output>
  </reporter-output>
  <suite started-at="2023-06-04T23:35:14 IST" name="Surefire suite" finished-at="2023-06-04T23:35:14 IST" duration-ms="291">
    <groups>
    </groups>
    <test started-at="2023-06-04T23:35:14 IST" name="Surefire test" finished-at="2023-06-04T23:35:14 IST" duration-ms="291">
      <class name="com.rs.RestAssuredFramework.AppTest">
        <test-method signature="shouldAnswerWithTrue()" started-at="2023-06-04T23:35:14 IST" name="shouldAnswerWithTrue" finished-at="2023-06-04T23:35:14 IST" duration-ms="20" status="PASS">
          <reporter-output>
          </reporter-output>
        </test-method> <!-- shouldAnswerWithTrue -->
      </class> <!-- com.rs.RestAssuredFramework.AppTest -->
    </test> <!-- Surefire test -->
  </suite> <!-- Surefire suite -->
</testng-results>
