<?xml version="1.0" encoding="UTF-8"?>
<!-- Generated by org.testng.reporters.JUnitXMLReporter -->
<testsuite ignored="0" hostname="Rounit" failures="0" tests="3" name="Default test" time="22.416" errors="0" timestamp="2023-06-05T00:04:25 IST">
  <testcase classname="com.spotify.oauth2.tests.PlaylistTests" name="ShouldBeAbleToCreateAPIPlaylist" time="21.037"/>
  <testcase classname="com.spotify.oauth2.tests.PlaylistTests" name="ShouldBeAbleToUpdateAPIPlaylist" time="0.543"/>
  <testcase classname="com.spotify.oauth2.tests.PlaylistTests" name="ShouldBeAbleTogetAPIPlaylist" time="0.349"/>
</testsuite> <!-- Default test -->
