<?xml version="1.0" encoding="UTF-8"?>
<!-- Generated by org.testng.reporters.JUnitXMLReporter -->
<testsuite ignored="0" hostname="Rounit" failures="0" tests="3" name="Surefire test" time="16.994" errors="0" timestamp="2023-06-04T23:35:13 IST">
  <testcase classname="com.spotify.oauth2.tests.PlaylistTests" name="ShouldBeAbleToCreateAPIPlaylist" time="15.396"/>
  <testcase classname="com.spotify.oauth2.tests.PlaylistTests" name="ShouldBeAbleToUpdateAPIPlaylist" time="0.452"/>
  <testcase classname="com.spotify.oauth2.tests.PlaylistTests" name="ShouldBeAbleTogetAPIPlaylist" time="0.389"/>
</testsuite> <!-- Surefire test -->
