<?xml version="1.0" encoding="UTF-8"?>
<testng-results ignored="0" total="3" passed="3" failed="0" skipped="0">
  <reporter-output>
  </reporter-output>
  <suite started-at="2023-06-04T23:34:56 IST" name="Surefire suite" finished-at="2023-06-04T23:35:13 IST" duration-ms="16994">
    <groups>
    </groups>
    <test started-at="2023-06-04T23:34:56 IST" name="Surefire test" finished-at="2023-06-04T23:35:13 IST" duration-ms="16994">
      <class name="com.spotify.oauth2.tests.PlaylistTests">
        <test-method signature="ShouldBeAbleToCreateAPIPlaylist()[pri:0, instance:com.spotify.oauth2.tests.PlaylistTests@22f59fa]" started-at="2023-06-04T23:34:57 IST" name="ShouldBeAbleToCreateAPIPlaylist" description="should be able to create a  playlist" finished-at="2023-06-04T23:35:12 IST" duration-ms="15396" status="PASS">
          <reporter-output>
          </reporter-output>
        </test-method> <!-- ShouldBeAbleToCreateAPIPlaylist -->
        <test-method signature="ShouldBeAbleToUpdateAPIPlaylist()[pri:0, instance:com.spotify.oauth2.tests.PlaylistTests@22f59fa]" started-at="2023-06-04T23:35:12 IST" name="ShouldBeAbleToUpdateAPIPlaylist" finished-at="2023-06-04T23:35:13 IST" duration-ms="452" status="PASS">
          <reporter-output>
          </reporter-output>
        </test-method> <!-- ShouldBeAbleToUpdateAPIPlaylist -->
        <test-method signature="ShouldBeAbleTogetAPIPlaylist()[pri:0, instance:com.spotify.oauth2.tests.PlaylistTests@22f59fa]" started-at="2023-06-04T23:35:13 IST" name="ShouldBeAbleTogetAPIPlaylist" finished-at="2023-06-04T23:35:13 IST" duration-ms="389" status="PASS">
          <reporter-output>
          </reporter-output>
        </test-method> <!-- ShouldBeAbleTogetAPIPlaylist -->
      </class> <!-- com.spotify.oauth2.tests.PlaylistTests -->
    </test> <!-- Surefire test -->
  </suite> <!-- Surefire suite -->
</testng-results>
