<?xml version="1.0" encoding="UTF-8"?>
<testsuite xmlns:xsi="http://www.w3.org/2001/XMLSchema-instance" xsi:noNamespaceSchemaLocation="https://maven.apache.org/surefire/maven-surefire-plugin/xsd/surefire-test-report-3.0.xsd" version="3.0" name="TestSuite" time="22.115" tests="4" errors="0" skipped="0" failures="0">
  <properties>
[...]
</properties>
  <testcase name="ShouldBeAbleToCreateAPIPlaylist" classname="com.spotify.oauth2.tests.PlaylistTests" time="14.797">
    <system-out><![CDATA[Request method:	POST
Request URI:	https://accounts.spotify.com/api/token
Proxy:			<none>
Request params:	<none>
Query params:	<none>
Form params:	refresh_token=AQA_wkcLkRKD_rwx-ehufBgcqvhO_8H23noBHhoQG6AaWfmgoeHAg-ovZFFkFqogGbDFcGJOyjBWbwIN-uDRjYuebHLGNU09-0iq7dKbLX1O2cNxWm1tMCUKP6rFWvhAHOY
				grant_type=refresh_token
				client_secret=c16acc3f772243dab7105eee22cd3f4a
				client_id=dbeccb9a83254d33a15f3e1ecbf846ca
Path params:	<none>
Headers:		Accept=*/*
				Content-Type=application/x-www-form-urlencoded; charset=ISO-8859-1
Cookies:		<none>
Multiparts:		<none>
Body:			<none>
HTTP/1.1 200 OK
date: Sun, 04 Jun 2023 18:05:07 GMT
content-type: application/json
vary: Accept-Encoding
set-cookie: __Host-device_id=AQCq2qnG8QAx-SHRvDXtwLok4YcOdTp0de-lm2WC_QNW19YIrYEzYbzL6tZDX7Pe6aQS7aWO4_APBjjqiUk1lMtYezXVFHHvkDM;Version=1;Path=/;Max-Age=2147483647;Secure;HttpOnly;SameSite=Lax
set-cookie: sp_tr=false;Version=1;Domain=accounts.spotify.com;Path=/;Secure;SameSite=Lax
sp-trace-id: 438bebfd092ca94f
content-encoding: gzip
x-envoy-upstream-service-time: 43
server: envoy
strict-transport-security: max-age=31536000
x-content-type-options: nosniff
Via: HTTP/2 edgeproxy, 1.1 google
Alt-Svc: h3=":443"; ma=2592000,h3-29=":443"; ma=2592000
Transfer-Encoding: chunked

{
    "access_token": "BQBj1fosf7BTJKKQwfqtflW8Dke4jaZxfcbHxlp0jCoW3_K6NvuU1eAJ2P5B9IfkfugmCseLcjT2WiseabMp8rfBF0CQKeXaZCCX26KlN0CXyK1qtZW8S0XDNe_AvfwJgmsc6RBmCEg8wZFey7NrDkfGdxy2n2w-KRt3rPOqm77FKhOoZYV_WCtWNrABE6NOgK7a0hwBtc_ypG7hzA8Ngk6gpH79ZLUrk4bblRplIwagOLQdygMiVnPWB48Nzf2LmH_LKe4WLIc5VyIi",
    "token_type": "Bearer",
    "expires_in": 3600,
    "scope": "playlist-read-private playlist-read-collaborative playlist-modify-private playlist-modify-public"
}
token is good to use
Request method:	POST
Request URI:	https://api.spotify.com/v1/users/31ofpkvrnubv44kduwcrvjnuib6i/playlists
Proxy:			<none>
Request params:	<none>
Query params:	<none>
Form params:	<none>
Path params:	<none>
Headers:		Authorization=Bearer BQBj1fosf7BTJKKQwfqtflW8Dke4jaZxfcbHxlp0jCoW3_K6NvuU1eAJ2P5B9IfkfugmCseLcjT2WiseabMp8rfBF0CQKeXaZCCX26KlN0CXyK1qtZW8S0XDNe_AvfwJgmsc6RBmCEg8wZFey7NrDkfGdxy2n2w-KRt3rPOqm77FKhOoZYV_WCtWNrABE6NOgK7a0hwBtc_ypG7hzA8Ngk6gpH79ZLUrk4bblRplIwagOLQdygMiVnPWB48Nzf2LmH_LKe4WLIc5VyIi
				Authorization=BearerBQBj1fosf7BTJKKQwfqtflW8Dke4jaZxfcbHxlp0jCoW3_K6NvuU1eAJ2P5B9IfkfugmCseLcjT2WiseabMp8rfBF0CQKeXaZCCX26KlN0CXyK1qtZW8S0XDNe_AvfwJgmsc6RBmCEg8wZFey7NrDkfGdxy2n2w-KRt3rPOqm77FKhOoZYV_WCtWNrABE6NOgK7a0hwBtc_ypG7hzA8Ngk6gpH79ZLUrk4bblRplIwagOLQdygMiVnPWB48Nzf2LmH_LKe4WLIc5VyIi
				Accept=*/*
				Content-Type=application/json
Cookies:		<none>
Multiparts:		<none>
Body:
{
    "description": "New Playlist Description",
    "name": "New Playlist",
    "public": false
}
HTTP/1.1 201 Created
content-type: application/json; charset=utf-8
cache-control: private, max-age=0
location: https://api.spotify.com/v1/playlists/3cACGw8pthIZiM5pIGuzHg
x-robots-tag: noindex, nofollow
access-control-allow-origin: *
access-control-allow-headers: Accept, App-Platform, Authorization, Content-Type, Origin, Retry-After, Spotify-App-Version, X-Cloud-Trace-Context, client-token, content-access-token
access-control-allow-methods: GET, POST, OPTIONS, PUT, DELETE, PATCH
access-control-allow-credentials: true
access-control-max-age: 604800
content-encoding: gzip
strict-transport-security: max-age=31536000
x-content-type-options: nosniff
date: Sun, 04 Jun 2023 18:05:12 GMT
server: envoy
Via: HTTP/2 edgeproxy, 1.1 google
Alt-Svc: h3=":443"; ma=2592000,h3-29=":443"; ma=2592000
Transfer-Encoding: chunked

{
    "collaborative": false,
    "description": "New Playlist Description",
    "external_urls": {
        "spotify": "https://open.spotify.com/playlist/3cACGw8pthIZiM5pIGuzHg"
    },
    "followers": {
        "href": null,
        "total": 0
    },
    "href": "https://api.spotify.com/v1/playlists/3cACGw8pthIZiM5pIGuzHg",
    "id": "3cACGw8pthIZiM5pIGuzHg",
    "images": [
        
    ],
    "name": "New Playlist",
    "owner": {
        "display_name": "Rounit Sharma",
        "external_urls": {
            "spotify": "https://open.spotify.com/user/31ofpkvrnubv44kduwcrvjnuib6i"
        },
        "href": "https://api.spotify.com/v1/users/31ofpkvrnubv44kduwcrvjnuib6i",
        "id": "31ofpkvrnubv44kduwcrvjnuib6i",
        "type": "user",
        "uri": "spotify:user:31ofpkvrnubv44kduwcrvjnuib6i"
    },
    "primary_color": null,
    "public": false,
    "snapshot_id": "MSwwNDcyY2MzYjAwOTk3ZDRmNTcxMTc3NGYwMTY0ZjI0NDQ0YjE4NWE2",
    "tracks": {
        "href": "https://api.spotify.com/v1/playlists/3cACGw8pthIZiM5pIGuzHg/tracks",
        "items": [
            
        ],
        "limit": 100,
        "next": null,
        "offset": 0,
        "previous": null,
        "total": 0
    },
    "type": "playlist",
    "uri": "spotify:playlist:3cACGw8pthIZiM5pIGuzHg"
}
]]></system-out>
    <system-err><![CDATA[SLF4J: Failed to load class "org.slf4j.impl.StaticLoggerBinder".
SLF4J: Defaulting to no-operation (NOP) logger implementation
SLF4J: See http://www.slf4j.org/codes.html#StaticLoggerBinder for further details.
]]></system-err>
  </testcase>
  <testcase name="ShouldBeAbleToUpdateAPIPlaylist" classname="com.spotify.oauth2.tests.PlaylistTests" time="0.451">
    <system-out><![CDATA[token is good to use
token is good to use
Request method:	PUT
Request URI:	https://api.spotify.com/v1/playlists/4MzKXwd2zIiwY2PGwTqWz4
Proxy:			<none>
Request params:	<none>
Query params:	<none>
Form params:	<none>
Path params:	<none>
Headers:		Authorization=Bearer BQBj1fosf7BTJKKQwfqtflW8Dke4jaZxfcbHxlp0jCoW3_K6NvuU1eAJ2P5B9IfkfugmCseLcjT2WiseabMp8rfBF0CQKeXaZCCX26KlN0CXyK1qtZW8S0XDNe_AvfwJgmsc6RBmCEg8wZFey7NrDkfGdxy2n2w-KRt3rPOqm77FKhOoZYV_WCtWNrABE6NOgK7a0hwBtc_ypG7hzA8Ngk6gpH79ZLUrk4bblRplIwagOLQdygMiVnPWB48Nzf2LmH_LKe4WLIc5VyIi
				Authorization=BearerBQBj1fosf7BTJKKQwfqtflW8Dke4jaZxfcbHxlp0jCoW3_K6NvuU1eAJ2P5B9IfkfugmCseLcjT2WiseabMp8rfBF0CQKeXaZCCX26KlN0CXyK1qtZW8S0XDNe_AvfwJgmsc6RBmCEg8wZFey7NrDkfGdxy2n2w-KRt3rPOqm77FKhOoZYV_WCtWNrABE6NOgK7a0hwBtc_ypG7hzA8Ngk6gpH79ZLUrk4bblRplIwagOLQdygMiVnPWB48Nzf2LmH_LKe4WLIc5VyIi
				Accept=*/*
				Content-Type=application/json
Cookies:		<none>
Multiparts:		<none>
Body:
{
    "description": "New Playlist Description",
    "name": "New Playlist",
    "public": false
}
HTTP/1.1 200 OK
cache-control: private, max-age=0
x-robots-tag: noindex, nofollow
access-control-allow-origin: *
access-control-allow-headers: Accept, App-Platform, Authorization, Content-Type, Origin, Retry-After, Spotify-App-Version, X-Cloud-Trace-Context, client-token, content-access-token
access-control-allow-methods: GET, POST, OPTIONS, PUT, DELETE, PATCH
access-control-allow-credentials: true
access-control-max-age: 604800
Content-Length: 0
strict-transport-security: max-age=31536000
x-content-type-options: nosniff
date: Sun, 04 Jun 2023 18:05:13 GMT
server: envoy
Via: HTTP/2 edgeproxy, 1.1 google
Alt-Svc: h3=":443"; ma=2592000,h3-29=":443"; ma=2592000
]]></system-out>
  </testcase>
  <testcase name="ShouldBeAbleTogetAPIPlaylist" classname="com.spotify.oauth2.tests.PlaylistTests" time="0.409">
    <system-out><![CDATA[token is good to use
token is good to use
Request method:	GET
Request URI:	https://api.spotify.com/v1/playlists/3nxMni8uL3HVuYt1pD6wnQ
Proxy:			<none>
Request params:	<none>
Query params:	<none>
Form params:	<none>
Path params:	<none>
Headers:		Authorization=Bearer BQBj1fosf7BTJKKQwfqtflW8Dke4jaZxfcbHxlp0jCoW3_K6NvuU1eAJ2P5B9IfkfugmCseLcjT2WiseabMp8rfBF0CQKeXaZCCX26KlN0CXyK1qtZW8S0XDNe_AvfwJgmsc6RBmCEg8wZFey7NrDkfGdxy2n2w-KRt3rPOqm77FKhOoZYV_WCtWNrABE6NOgK7a0hwBtc_ypG7hzA8Ngk6gpH79ZLUrk4bblRplIwagOLQdygMiVnPWB48Nzf2LmH_LKe4WLIc5VyIi
				Authorization=BearerBQBj1fosf7BTJKKQwfqtflW8Dke4jaZxfcbHxlp0jCoW3_K6NvuU1eAJ2P5B9IfkfugmCseLcjT2WiseabMp8rfBF0CQKeXaZCCX26KlN0CXyK1qtZW8S0XDNe_AvfwJgmsc6RBmCEg8wZFey7NrDkfGdxy2n2w-KRt3rPOqm77FKhOoZYV_WCtWNrABE6NOgK7a0hwBtc_ypG7hzA8Ngk6gpH79ZLUrk4bblRplIwagOLQdygMiVnPWB48Nzf2LmH_LKe4WLIc5VyIi
				Accept=*/*
				Content-Type=application/json
Cookies:		<none>
Multiparts:		<none>
Body:			<none>
HTTP/1.1 200 OK
content-type: application/json; charset=utf-8
cache-control: public, max-age=0
etag: "MC-IjEzNTM1OGFkNTNjMzNkOGExMDkxYWViMjdlYjg4NGI2Ig=="
x-robots-tag: noindex, nofollow
access-control-allow-origin: *
access-control-allow-headers: Accept, App-Platform, Authorization, Content-Type, Origin, Retry-After, Spotify-App-Version, X-Cloud-Trace-Context, client-token, content-access-token
access-control-allow-methods: GET, POST, OPTIONS, PUT, DELETE, PATCH
access-control-allow-credentials: true
access-control-max-age: 604800
content-encoding: gzip
strict-transport-security: max-age=31536000
x-content-type-options: nosniff
date: Sun, 04 Jun 2023 18:05:13 GMT
server: envoy
Via: HTTP/2 edgeproxy, 1.1 google
Alt-Svc: h3=":443"; ma=2592000,h3-29=":443"; ma=2592000
Transfer-Encoding: chunked

{
    "collaborative": false,
    "description": "Updated playlist description1",
    "external_urls": {
        "spotify": "https://open.spotify.com/playlist/3nxMni8uL3HVuYt1pD6wnQ"
    },
    "followers": {
        "href": null,
        "total": 0
    },
    "href": "https://api.spotify.com/v1/playlists/3nxMni8uL3HVuYt1pD6wnQ",
    "id": "3nxMni8uL3HVuYt1pD6wnQ",
    "images": [
        
    ],
    "name": "Updated Playlist Name1",
    "owner": {
        "display_name": "Rounit Sharma",
        "external_urls": {
            "spotify": "https://open.spotify.com/user/31ofpkvrnubv44kduwcrvjnuib6i"
        },
        "href": "https://api.spotify.com/v1/users/31ofpkvrnubv44kduwcrvjnuib6i",
        "id": "31ofpkvrnubv44kduwcrvjnuib6i",
        "type": "user",
        "uri": "spotify:user:31ofpkvrnubv44kduwcrvjnuib6i"
    },
    "primary_color": null,
    "public": false,
    "snapshot_id": "NyxmYjUwMWY4YWRmNzVlMzk0MThhZjc2MTUzYmY5YzA4NjE2OWVlNGU2",
    "tracks": {
        "href": "https://api.spotify.com/v1/playlists/3nxMni8uL3HVuYt1pD6wnQ/tracks?offset=0&limit=100",
        "items": [
            
        ],
        "limit": 100,
        "next": null,
        "offset": 0,
        "previous": null,
        "total": 0
    },
    "type": "playlist",
    "uri": "spotify:playlist:3nxMni8uL3HVuYt1pD6wnQ"
}
]]></system-out>
  </testcase>
  <testcase name="shouldAnswerWithTrue on shouldAnswerWithTrue(com.rs.RestAssuredFramework.AppTest)" classname="com.rs.RestAssuredFramework.AppTest" time="1.344"/>
</testsuite>