<?xml version="1.0" encoding="UTF-8"?>
<testng-results ignored="0" total="3" passed="3" failed="0" skipped="0">
  <reporter-output>
  </reporter-output>
  <suite started-at="2023-06-05T00:04:02 IST" name="Default suite" finished-at="2023-06-05T00:04:24 IST" duration-ms="22416">
    <groups>
    </groups>
    <test started-at="2023-06-05T00:04:02 IST" name="Default test" finished-at="2023-06-05T00:04:24 IST" duration-ms="22416">
      <class name="com.spotify.oauth2.tests.PlaylistTests">
        <test-method signature="ShouldBeAbleToCreateAPIPlaylist()[pri:0, instance:com.spotify.oauth2.tests.PlaylistTests@14f9390f]" started-at="2023-06-05T00:04:02 IST" name="ShouldBeAbleToCreateAPIPlaylist" description="should be able to create a  playlist" finished-at="2023-06-05T00:04:23 IST" duration-ms="21037" status="PASS">
          <reporter-output>
          </reporter-output>
        </test-method> <!-- ShouldBeAbleToCreateAPIPlaylist -->
        <test-method signature="ShouldBeAbleToUpdateAPIPlaylist()[pri:0, instance:com.spotify.oauth2.tests.PlaylistTests@14f9390f]" started-at="2023-06-05T00:04:24 IST" name="ShouldBeAbleToUpdateAPIPlaylist" finished-at="2023-06-05T00:04:24 IST" duration-ms="543" status="PASS">
          <reporter-output>
          </reporter-output>
        </test-method> <!-- ShouldBeAbleToUpdateAPIPlaylist -->
        <test-method signature="ShouldBeAbleTogetAPIPlaylist()[pri:0, instance:com.spotify.oauth2.tests.PlaylistTests@14f9390f]" started-at="2023-06-05T00:04:24 IST" name="ShouldBeAbleTogetAPIPlaylist" finished-at="2023-06-05T00:04:24 IST" duration-ms="349" status="PASS">
          <reporter-output>
          </reporter-output>
        </test-method> <!-- ShouldBeAbleTogetAPIPlaylist -->
      </class> <!-- com.spotify.oauth2.tests.PlaylistTests -->
    </test> <!-- Default test -->
  </suite> <!-- Default suite -->
</testng-results>
